Build started 2016-04-27 오후 1:58:09.
     1>Project "c:\Users\leej941\documents\visual studio 2013\Projects\MFC_DVProject_04272016_ver2013\MFC_DVProject_04272016_ver2013\MFC_DVProject_04272016_ver2013.vcxproj" on node 2 (Build target(s)).
     1>ClCompile:
         C:\Program Files (x86)\Microsoft Visual Studio 12.0\VC\bin\CL.exe /c /ZI /nologo /W3 /WX- /sdl /Od /Oy- /D WIN32 /D _WINDOWS /D _DEBUG /D _UNICODE /D UNICODE /D _AFXDLL /Gm /EHsc /RTC1 /MDd /GS /fp:precise /Zc:wchar_t /Zc:forScope /Yu"stdafx.h" /Fp"Debug\MFC_DVProject_04272016_ver2013.pch" /Fo"Debug\\" /Fd"Debug\vc120.pdb" /Gd /TP /analyze- /errorReport:prompt MFC_DVProject_04272016_ver2013.cpp MFC_DVProject_04272016_ver2013Dlg.cpp NewDialog.cpp emptyDialog.cpp
         MFC_DVProject_04272016_ver2013Dlg.cpp
         Generating Code...
         Skipping... (no relevant changes detected)
         emptyDialog.cpp
         NewDialog.cpp
         MFC_DVProject_04272016_ver2013.cpp
       ResourceCompile:
         C:\Program Files (x86)\Windows Kits\8.1\bin\x86\rc.exe /D _DEBUG /D _UNICODE /D UNICODE /D _AFXDLL /l"0x0409" /IDebug\ /nologo /fo"Debug\MFC_DVProject_04272016_ver2013.res" MFC_DVProject_04272016_ver2013.rc 
       Link:
         C:\Program Files (x86)\Microsoft Visual Studio 12.0\VC\bin\link.exe /ERRORREPORT:PROMPT /OUT:"c:\users\leej941\documents\visual studio 2013\Projects\MFC_DVProject_04272016_ver2013\Debug\MFC_DVProject_04272016_ver2013.exe" /INCREMENTAL /NOLOGO /MANIFEST /MANIFESTUAC:"level='asInvoker' uiAccess='false'" /manifest:embed /manifestinput:"C:\Program Files (x86)\Microsoft Visual Studio 12.0\VC\Include\Manifest\dpiaware.manifest" /DEBUG /PDB:"c:\users\leej941\documents\visual studio 2013\Projects\MFC_DVProject_04272016_ver2013\Debug\MFC_DVProject_04272016_ver2013.pdb" /SUBSYSTEM:WINDOWS /TLBID:1 /ENTRY:"wWinMainCRTStartup" /DYNAMICBASE /NXCOMPAT /IMPLIB:"c:\users\leej941\documents\visual studio 2013\Projects\MFC_DVProject_04272016_ver2013\Debug\MFC_DVProject_04272016_ver2013.lib" /MACHINE:X86 Debug\MFC_DVProject_04272016_ver2013.res
         Debug\emptyDialog.obj
         Debug\MFC_DVProject_04272016_ver2013.obj
         Debug\MFC_DVProject_04272016_ver2013Dlg.obj
         Debug\NewDialog.obj
         Debug\stdafx.obj
         MFC_DVProject_04272016_ver2013.vcxproj -> c:\users\leej941\documents\visual studio 2013\Projects\MFC_DVProject_04272016_ver2013\Debug\MFC_DVProject_04272016_ver2013.exe
     1>Done Building Project "c:\Users\leej941\documents\visual studio 2013\Projects\MFC_DVProject_04272016_ver2013\MFC_DVProject_04272016_ver2013\MFC_DVProject_04272016_ver2013.vcxproj" (Build target(s)).

Build succeeded.

Time Elapsed 00:00:00.73
